0 info it worked if it ends with ok
1 verbose cli [ '/Users/jamestodd/.nvm/versions/node/v5.12.0/bin/node',
1 verbose cli   '/Users/jamestodd/.nvm/versions/node/v5.12.0/bin/npm',
1 verbose cli   'run',
1 verbose cli   'watch' ]
2 info using npm@3.8.6
3 info using node@v5.12.0
4 verbose run-script [ 'prewatch', 'watch', 'postwatch' ]
5 info lifecycle login-app@1.0.0~prewatch: login-app@1.0.0
6 silly lifecycle login-app@1.0.0~prewatch: no script for prewatch, continuing
7 info lifecycle login-app@1.0.0~watch: login-app@1.0.0
8 verbose lifecycle login-app@1.0.0~watch: unsafe-perm in lifecycle true
9 verbose lifecycle login-app@1.0.0~watch: PATH: /Users/jamestodd/.nvm/versions/node/v5.12.0/lib/node_modules/npm/bin/node-gyp-bin:/Users/jamestodd/stuff/todd-platform-too/login-app/node_modules/.bin:/Users/jamestodd/.nvm/versions/node/v5.12.0/bin:/usr/local/opt/mysql-client/bin:/usr/local/opt/php@5.6/sbin:/usr/local/opt/php@5.6/bin:/Users/jamestodd/.nvm/versions/node/v5.12.0/bin:/usr/local/opt/libpq/bin:/Users/james.todd/bin:/Users/jamestodd/bin:/usr/local/bin:/usr/local/bin:/usr/bin:/bin:/usr/sbin:/sbin:/Applications/VMware Fusion.app/Contents/Public:/Library/Apple/usr/bin:/Users/jamestodd/stuff/todd-platform-too/login-app/node_modules/.bin:/Users/jamestodd/.composer/vendor/bin
10 verbose lifecycle login-app@1.0.0~watch: CWD: /Users/jamestodd/stuff/todd-platform-too/login-app
11 silly lifecycle login-app@1.0.0~watch: Args: [ '-c', 'npm run development -- --watch' ]
12 silly lifecycle login-app@1.0.0~watch: Returned: code: 1  signal: null
13 info lifecycle login-app@1.0.0~watch: Failed to exec watch script
14 verbose stack Error: login-app@1.0.0 watch: `npm run development -- --watch`
14 verbose stack Exit status 1
14 verbose stack     at EventEmitter.<anonymous> (/Users/jamestodd/.nvm/versions/node/v5.12.0/lib/node_modules/npm/lib/utils/lifecycle.js:239:16)
14 verbose stack     at emitTwo (events.js:100:13)
14 verbose stack     at EventEmitter.emit (events.js:185:7)
14 verbose stack     at ChildProcess.<anonymous> (/Users/jamestodd/.nvm/versions/node/v5.12.0/lib/node_modules/npm/lib/utils/spawn.js:24:14)
14 verbose stack     at emitTwo (events.js:100:13)
14 verbose stack     at ChildProcess.emit (events.js:185:7)
14 verbose stack     at maybeClose (internal/child_process.js:850:16)
14 verbose stack     at Process.ChildProcess._handle.onexit (internal/child_process.js:215:5)
15 verbose pkgid login-app@1.0.0
16 verbose cwd /Users/jamestodd/stuff/todd-platform-too/login-app
17 error Darwin 19.6.0
18 error argv "/Users/jamestodd/.nvm/versions/node/v5.12.0/bin/node" "/Users/jamestodd/.nvm/versions/node/v5.12.0/bin/npm" "run" "watch"
19 error node v5.12.0
20 error npm  v3.8.6
21 error code ELIFECYCLE
22 error login-app@1.0.0 watch: `npm run development -- --watch`
22 error Exit status 1
23 error Failed at the login-app@1.0.0 watch script 'npm run development -- --watch'.
23 error Make sure you have the latest version of node.js and npm installed.
23 error If you do, this is most likely a problem with the login-app package,
23 error not with npm itself.
23 error Tell the author that this fails on your system:
23 error     npm run development -- --watch
23 error You can get information on how to open an issue for this project with:
23 error     npm bugs login-app
23 error Or if that isn't available, you can get their info via:
23 error     npm owner ls login-app
23 error There is likely additional logging output above.
24 verbose exit [ 1, true ]
